<?xml version='1.0' encoding='UTF-8'?>
<testsuite hostname="Dran" name="obfuscate.ObfuscateTest" tests="1" errors="0" failures="0" skipped="0" time="2.02" timestamp="2020-08-12T14:58:33">
                     <properties>
[...]
</properties>
                     <testcase classname="obfuscate.ObfuscateTest" name="json and invalidJson should be posted in kafkaProducerObfuscatedTopic and kafkaProducerErrorsTopic" time="2.02">
                                                 
                                               </testcase>
                     <system-out><![CDATA[]]></system-out>
                     <system-err><![CDATA[]]></system-err>
                   </testsuite>